<?xml version="1.0" encoding="UTF-8"?>
<testsuite xmlns:xsi="http://www.w3.org/2001/XMLSchema-instance" xsi:noNamespaceSchemaLocation="https://maven.apache.org/surefire/maven-surefire-plugin/xsd/surefire-test-report-3.0.xsd" version="3.0" name="TestSuite" time="77.201" tests="26" errors="0" skipped="0" failures="0">
  <properties>
[...]
</properties>
  <testcase name="testAllDropdownOptionsUsingSoftAssert" classname="webTests.DropdownTest" time="2.324">
    <system-err><![CDATA[SLF4J(W): No SLF4J providers were found.
SLF4J(W): Defaulting to no-operation (NOP) logger implementation
SLF4J(W): See https://www.slf4j.org/codes.html#noProviders for further details.
Jul 21, 2025 12:40:25 PM org.openqa.selenium.devtools.CdpVersionFinder findNearestMatch
WARNING: Unable to find an exact match for CDP version 138, returning the closest version; found: 137; Please update to a Selenium version that supports CDP version 138
]]></system-err>
  </testcase>
  <testcase name="testOpenModal" classname="webTests.ModalTest" time="0.668">
    <system-err><![CDATA[Jul 21, 2025 12:40:31 PM org.openqa.selenium.devtools.CdpVersionFinder findNearestMatch
WARNING: Unable to find an exact match for CDP version 138, returning the closest version; found: 137; Please update to a Selenium version that supports CDP version 138
]]></system-err>
  </testcase>
  <testcase name="testCloseModal" classname="webTests.ModalTest" time="10.614"/>
  <testcase name="testSelectionOfCheckboxes" classname="webTests.CheckboxTest" time="0.263">
    <system-err><![CDATA[Jul 21, 2025 12:40:48 PM org.openqa.selenium.devtools.CdpVersionFinder findNearestMatch
WARNING: Unable to find an exact match for CDP version 138, returning the closest version; found: 137; Please update to a Selenium version that supports CDP version 138
]]></system-err>
  </testcase>
  <testcase name="testUnselectionOfCheckboxes" classname="webTests.CheckboxTest" time="0.228"/>
  <testcase name="testFillWebForm" classname="webTests.WebFormTest" time="1.085">
    <system-err><![CDATA[Jul 21, 2025 12:40:53 PM org.openqa.selenium.devtools.CdpVersionFinder findNearestMatch
WARNING: Unable to find an exact match for CDP version 138, returning the closest version; found: 137; Please update to a Selenium version that supports CDP version 138
]]></system-err>
  </testcase>
  <testcase name="testDateEntry[01/01/1900](1)" classname="webTests.DatePickerTest" time="0.307">
    <system-err><![CDATA[Jul 21, 2025 12:40:59 PM org.openqa.selenium.devtools.CdpVersionFinder findNearestMatch
WARNING: Unable to find an exact match for CDP version 138, returning the closest version; found: 137; Please update to a Selenium version that supports CDP version 138
]]></system-err>
  </testcase>
  <testcase name="testDateEntry[06/03/1967](2)" classname="webTests.DatePickerTest" time="0.147"/>
  <testcase name="testDateEntry[09/09/1973](3)" classname="webTests.DatePickerTest" time="0.148"/>
  <testcase name="testDateEntry[26/04/1992](4)" classname="webTests.DatePickerTest" time="0.152"/>
  <testcase name="testDateEntry[22/02/1998](5)" classname="webTests.DatePickerTest" time="0.145"/>
  <testcase name="testDateEntry[02/29/2024](6)" classname="webTests.DatePickerTest" time="0.138"/>
  <testcase name="testDateEntry[31/12/2030](7)" classname="webTests.DatePickerTest" time="0.141"/>
  <testcase name="testEnterNameAndDate" classname="webTests.ScrollTest" time="0.271">
    <system-err><![CDATA[Jul 21, 2025 12:41:04 PM org.openqa.selenium.devtools.CdpVersionFinder findNearestMatch
WARNING: Unable to find an exact match for CDP version 138, returning the closest version; found: 137; Please update to a Selenium version that supports CDP version 138
]]></system-err>
  </testcase>
  <testcase name="testScrollToNameAndDateField" classname="webTests.ScrollTest" time="0.049"/>
  <testcase name="testSwitchToAlert" classname="webTests.SwitchWindowAndAlertTest" time="0.114">
    <system-out><![CDATA[Alert handled with text: This is a test alert!
]]></system-out>
    <system-err><![CDATA[Jul 21, 2025 12:41:08 PM org.openqa.selenium.devtools.CdpVersionFinder findNearestMatch
WARNING: Unable to find an exact match for CDP version 138, returning the closest version; found: 137; Please update to a Selenium version that supports CDP version 138
]]></system-err>
  </testcase>
  <testcase name="testSwitchToNewWindow" classname="webTests.SwitchWindowAndAlertTest" time="0.511">
    <system-out><![CDATA[New window title: Formy
]]></system-out>
  </testcase>
  <testcase name="testImageUpload" classname="webTests.FileUploadTest" time="0.239">
    <system-err><![CDATA[Jul 21, 2025 12:41:13 PM org.openqa.selenium.devtools.CdpVersionFinder findNearestMatch
WARNING: Unable to find an exact match for CDP version 138, returning the closest version; found: 137; Please update to a Selenium version that supports CDP version 138
]]></system-err>
  </testcase>
  <testcase name="testVideoUpload" classname="webTests.FileUploadTest" time="0.066"/>
  <testcase name="testDragAndDropImage" classname="webTests.DragDropTest" time="0.297">
    <system-err><![CDATA[Jul 21, 2025 12:41:18 PM org.openqa.selenium.devtools.CdpVersionFinder findNearestMatch
WARNING: Unable to find an exact match for CDP version 138, returning the closest version; found: 137; Please update to a Selenium version that supports CDP version 138
]]></system-err>
  </testcase>
  <testcase name="testDangerButton" classname="webTests.ButtonsTest" time="0.091">
    <system-err><![CDATA[Jul 21, 2025 12:41:23 PM org.openqa.selenium.devtools.CdpVersionFinder findNearestMatch
WARNING: Unable to find an exact match for CDP version 138, returning the closest version; found: 137; Please update to a Selenium version that supports CDP version 138
Jul 21, 2025 12:41:27 PM org.openqa.selenium.devtools.CdpVersionFinder findNearestMatch
WARNING: Unable to find an exact match for CDP version 138, returning the closest version; found: 137; Please update to a Selenium version that supports CDP version 138
]]></system-err>
  </testcase>
  <testcase name="testInfoButton" classname="webTests.ButtonsTest" time="0.073"/>
  <testcase name="testLinkButton" classname="webTests.ButtonsTest" time="0.066"/>
  <testcase name="testPrimaryButton" classname="webTests.ButtonsTest" time="0.07"/>
  <testcase name="testSuccessButton" classname="webTests.ButtonsTest" time="0.069"/>
  <testcase name="testWarningButton" classname="webTests.ButtonsTest" time="0.068"/>
</testsuite>