<?xml version="1.0" encoding="UTF-8"?>
<!-- Generated by org.testng.reporters.JUnitXMLReporter -->
<testsuite ignored="9" hostname="LT8247" failures="0" tests="30" name="Web UI Automation Tests" time="82.127" errors="0" timestamp="2025-07-22T23:02:14 IST">
  <testcase classname="webTests.DropdownTest" name="testAllDropdownOptionsUsingSoftAssert" time="2.518"/>
  <testcase classname="apiTests.UserApiTests" name="delayedResponseTest" time="5.89"/>
  <testcase classname="apiTests.UserApiTests" name="getSingleUser" time="0.976"/>
  <testcase classname="apiTests.UserApiTests" name="getUserNotFound" time="0.956"/>
  <testcase classname="apiTests.UserApiTests" name="listUsers" time="0.851"/>
  <testcase classname="webTests.ModalTest" name="testOpenModal" time="0.681"/>
  <testcase classname="webTests.ModalTest" name="testCloseModal" time="10.642"/>
  <testcase classname="webTests.CheckboxTest" name="testSelectionOfCheckboxes" time="0.279"/>
  <testcase classname="webTests.CheckboxTest" name="testUnselectionOfCheckboxes" time="0.192"/>
  <testcase classname="webTests.WebFormTest" name="testFillWebForm" time="1.082"/>
  <testcase classname="webTests.DatePickerTest" name="testDateEntry" time="0.282"/>
  <testcase classname="webTests.DatePickerTest" name="testDateEntry" time="0.147"/>
  <testcase classname="webTests.DatePickerTest" name="testDateEntry" time="0.146"/>
  <testcase classname="webTests.DatePickerTest" name="testDateEntry" time="0.146"/>
  <testcase classname="webTests.DatePickerTest" name="testDateEntry" time="0.144"/>
  <testcase classname="webTests.DatePickerTest" name="testDateEntry" time="0.139"/>
  <testcase classname="webTests.DatePickerTest" name="testDateEntry" time="0.14"/>
  <testcase classname="webTests.ScrollTest" name="testEnterNameAndDate" time="0.284"/>
  <testcase classname="webTests.ScrollTest" name="testScrollToNameAndDateField" time="0.054"/>
  <testcase classname="webTests.SwitchWindowAndAlertTest" name="testSwitchToAlert" time="0.087"/>
  <testcase classname="webTests.SwitchWindowAndAlertTest" name="testSwitchToNewWindow" time="0.508"/>
  <testcase classname="webTests.FileUploadTest" name="testImageUpload" time="0.24"/>
  <testcase classname="webTests.FileUploadTest" name="testVideoUpload" time="0.059"/>
  <testcase classname="webTests.DragDropTest" name="testDragAndDropImage" time="0.29"/>
  <testcase classname="webTests.ButtonsTest" name="testDangerButton" time="0.084"/>
  <testcase classname="webTests.ButtonsTest" name="testInfoButton" time="0.058"/>
  <testcase classname="webTests.ButtonsTest" name="testLinkButton" time="0.053"/>
  <testcase classname="webTests.ButtonsTest" name="testPrimaryButton" time="0.066"/>
  <testcase classname="webTests.ButtonsTest" name="testSuccessButton" time="0.073"/>
  <testcase classname="webTests.ButtonsTest" name="testWarningButton" time="0.068"/>
  <testcase classname="base.BaseClass" name="@BeforeSuite loadConfig" time="0.0">
    <ignored/>
  </testcase> <!-- @BeforeSuite loadConfig -->
  <testcase classname="base.BaseClass" name="@BeforeSuite loadConfig" time="0.0">
    <ignored/>
  </testcase> <!-- @BeforeSuite loadConfig -->
  <testcase classname="base.BaseClass" name="@BeforeSuite loadConfig" time="0.0">
    <ignored/>
  </testcase> <!-- @BeforeSuite loadConfig -->
  <testcase classname="base.BaseClass" name="@BeforeSuite loadConfig" time="0.0">
    <ignored/>
  </testcase> <!-- @BeforeSuite loadConfig -->
  <testcase classname="base.BaseClass" name="@BeforeSuite loadConfig" time="0.0">
    <ignored/>
  </testcase> <!-- @BeforeSuite loadConfig -->
  <testcase classname="base.BaseClass" name="@BeforeSuite loadConfig" time="0.0">
    <ignored/>
  </testcase> <!-- @BeforeSuite loadConfig -->
  <testcase classname="base.BaseClass" name="@BeforeSuite loadConfig" time="0.0">
    <ignored/>
  </testcase> <!-- @BeforeSuite loadConfig -->
  <testcase classname="base.BaseClass" name="@BeforeSuite loadConfig" time="0.0">
    <ignored/>
  </testcase> <!-- @BeforeSuite loadConfig -->
  <testcase classname="base.BaseClass" name="@BeforeSuite loadConfig" time="0.0">
    <ignored/>
  </testcase> <!-- @BeforeSuite loadConfig -->
</testsuite> <!-- Web UI Automation Tests -->
