<?xml version="1.0" encoding="UTF-8"?>
<!-- Generated by org.testng.reporters.JUnitXMLReporter -->
<testsuite ignored="0" hostname="LT8247" failures="0" tests="1" name="Web UI Automation Tests" time="0.04" errors="0" timestamp="2025-07-11T16:13:14 IST">
  <testcase classname="base.BaseClass" name="@BeforeMethod setUp" time="0.008">
    <failure type="java.io.FileNotFoundException" message="src/test/resources/config.properties (No such file or directory)">
      <![CDATA[java.io.FileNotFoundException: src/test/resources/config.properties (No such file or directory)
at java.base/java.io.FileInputStream.open0(Native Method)
at java.base/java.io.FileInputStream.open(FileInputStream.java:213)
at java.base/java.io.FileInputStream.<init>(FileInputStream.java:152)
at java.base/java.io.FileInputStream.<init>(FileInputStream.java:106)
at base.BaseClass.setUp(BaseClass.java:20)
at java.base/java.util.ArrayList.forEach(ArrayList.java:1597)
... Removed 33 stack frames]]>
    </failure>
  </testcase> <!-- @BeforeMethod setUp -->
  <testcase classname="base.BaseClass" name="@AfterMethod tearDown" time="0.0">
    <skipped/>
  </testcase> <!-- @AfterMethod tearDown -->
  <testcase classname="webTests.ButtonsTest" name="testPrimaryButton" time="0.0">
    <skipped/>
  </testcase> <!-- testPrimaryButton -->
</testsuite> <!-- Web UI Automation Tests -->
